2024-01-04 19:11:11,591 INFO [ru.clevertec.service.proxy.ProxyCarDAOImpl - save 30] - Метод save() ProxyCarImpl.Объект Car Car(id=a3b283b6-0171-4a45-a5ea-ee5fa966876e, brand=Toyota, model=Hilux, bodyType=PICKUP, engineCapacity=2.5, fuelType=DIESEL) сохраненение/обновление в БД
2024-01-04 19:11:11,789 INFO [ru.clevertec.service.proxy.ProxyCarDAOImpl - save 32] - Метод save() ProxyCarImpl.Объект Car Car(id=a3b283b6-0171-4a45-a5ea-ee5fa966876e, brand=Toyota, model=Hilux, bodyType=PICKUP, engineCapacity=2.5, fuelType=DIESEL) сохраненение/обновление в кеш
2024-01-04 19:11:11,789 INFO [ru.clevertec.cache.impl.LFUCache - put 54] - Метод put() LFUCache. Объект из кеша с id a3b283b6-0171-4a45-a5ea-ee5fa966876e: null
2024-01-04 19:11:11,790 INFO [ru.clevertec.cache.impl.LFUCache - put 59] - Метод put() LFUCache. Добавление нового значения в кеш: Car(id=a3b283b6-0171-4a45-a5ea-ee5fa966876e, brand=Toyota, model=Hilux, bodyType=PICKUP, engineCapacity=2.5, fuelType=DIESEL)
2024-01-04 19:11:11,790 INFO [ru.clevertec.cache.impl.LFUCache - put 76] - Метод put() LFUCache. Объект из кеша с id a3b283b6-0171-4a45-a5ea-ee5fa966876e: Car(id=a3b283b6-0171-4a45-a5ea-ee5fa966876e, brand=Toyota, model=Hilux, bodyType=PICKUP, engineCapacity=2.5, fuelType=DIESEL)
2024-01-04 19:11:11,791 INFO [ru.clevertec.service.proxy.ProxyCarDAOImpl - save 30] - Метод save() ProxyCarImpl.Объект Car Car(id=f68ae580-62b9-48ca-a97c-b8910bed0979, brand=BMW, model=5 G30, bodyType=SEDAN, engineCapacity=3.0, fuelType=DIESEL) сохраненение/обновление в БД
2024-01-04 19:11:11,932 INFO [ru.clevertec.service.proxy.ProxyCarDAOImpl - save 32] - Метод save() ProxyCarImpl.Объект Car Car(id=f68ae580-62b9-48ca-a97c-b8910bed0979, brand=BMW, model=5 G30, bodyType=SEDAN, engineCapacity=3.0, fuelType=DIESEL) сохраненение/обновление в кеш
2024-01-04 19:11:11,932 INFO [ru.clevertec.cache.impl.LFUCache - put 54] - Метод put() LFUCache. Объект из кеша с id f68ae580-62b9-48ca-a97c-b8910bed0979: null
2024-01-04 19:11:11,932 INFO [ru.clevertec.cache.impl.LFUCache - put 59] - Метод put() LFUCache. Добавление нового значения в кеш: Car(id=f68ae580-62b9-48ca-a97c-b8910bed0979, brand=BMW, model=5 G30, bodyType=SEDAN, engineCapacity=3.0, fuelType=DIESEL)
2024-01-04 19:11:11,932 INFO [ru.clevertec.cache.impl.LFUCache - put 76] - Метод put() LFUCache. Объект из кеша с id f68ae580-62b9-48ca-a97c-b8910bed0979: Car(id=f68ae580-62b9-48ca-a97c-b8910bed0979, brand=BMW, model=5 G30, bodyType=SEDAN, engineCapacity=3.0, fuelType=DIESEL)
2024-01-04 19:11:11,933 INFO [ru.clevertec.service.proxy.ProxyCarDAOImpl - save 30] - Метод save() ProxyCarImpl.Объект Car Car(id=1ef0ddc8-c530-4ec4-bc65-9380bc5710b1, brand=Volkswagen, model=Passat B8, bodyType=STATION_WAGON, engineCapacity=2.0, fuelType=PETROL) сохраненение/обновление в БД
2024-01-04 19:11:12,065 INFO [ru.clevertec.service.proxy.ProxyCarDAOImpl - save 32] - Метод save() ProxyCarImpl.Объект Car Car(id=1ef0ddc8-c530-4ec4-bc65-9380bc5710b1, brand=Volkswagen, model=Passat B8, bodyType=STATION_WAGON, engineCapacity=2.0, fuelType=PETROL) сохраненение/обновление в кеш
2024-01-04 19:11:12,066 INFO [ru.clevertec.cache.impl.LFUCache - put 54] - Метод put() LFUCache. Объект из кеша с id 1ef0ddc8-c530-4ec4-bc65-9380bc5710b1: null
2024-01-04 19:11:12,066 INFO [ru.clevertec.cache.impl.LFUCache - put 59] - Метод put() LFUCache. Добавление нового значения в кеш: Car(id=1ef0ddc8-c530-4ec4-bc65-9380bc5710b1, brand=Volkswagen, model=Passat B8, bodyType=STATION_WAGON, engineCapacity=2.0, fuelType=PETROL)
2024-01-04 19:11:12,066 INFO [ru.clevertec.cache.impl.LFUCache - put 76] - Метод put() LFUCache. Объект из кеша с id 1ef0ddc8-c530-4ec4-bc65-9380bc5710b1: Car(id=1ef0ddc8-c530-4ec4-bc65-9380bc5710b1, brand=Volkswagen, model=Passat B8, bodyType=STATION_WAGON, engineCapacity=2.0, fuelType=PETROL)
2024-01-04 19:11:12,066 INFO [ru.clevertec.service.proxy.ProxyCarDAOImpl - save 30] - Метод save() ProxyCarImpl.Объект Car Car(id=a57e4a3f-2bde-4865-aa1e-034f32e691c6, brand=Toyota, model=Hilux, bodyType=PICKUP, engineCapacity=2.5, fuelType=DIESEL) сохраненение/обновление в БД
2024-01-04 19:11:12,200 INFO [ru.clevertec.service.proxy.ProxyCarDAOImpl - save 32] - Метод save() ProxyCarImpl.Объект Car Car(id=a57e4a3f-2bde-4865-aa1e-034f32e691c6, brand=Toyota, model=Hilux, bodyType=PICKUP, engineCapacity=2.5, fuelType=DIESEL) сохраненение/обновление в кеш
2024-01-04 19:11:12,201 INFO [ru.clevertec.cache.impl.LFUCache - put 54] - Метод put() LFUCache. Объект из кеша с id a57e4a3f-2bde-4865-aa1e-034f32e691c6: null
2024-01-04 19:11:12,201 INFO [ru.clevertec.cache.impl.LFUCache - put 59] - Метод put() LFUCache. Добавление нового значения в кеш: Car(id=a57e4a3f-2bde-4865-aa1e-034f32e691c6, brand=Toyota, model=Hilux, bodyType=PICKUP, engineCapacity=2.5, fuelType=DIESEL)
2024-01-04 19:11:12,201 INFO [ru.clevertec.cache.impl.LFUCache - put 76] - Метод put() LFUCache. Объект из кеша с id a57e4a3f-2bde-4865-aa1e-034f32e691c6: Car(id=a57e4a3f-2bde-4865-aa1e-034f32e691c6, brand=Toyota, model=Hilux, bodyType=PICKUP, engineCapacity=2.5, fuelType=DIESEL)
2024-01-04 19:11:12,202 INFO [ru.clevertec.service.proxy.ProxyCarDAOImpl - save 30] - Метод save() ProxyCarImpl.Объект Car Car(id=9e5ce753-4910-4c0d-bfe8-6c4d3b64ad77, brand=BMW, model=5 G30, bodyType=SEDAN, engineCapacity=3.0, fuelType=DIESEL) сохраненение/обновление в БД
2024-01-04 19:11:12,335 INFO [ru.clevertec.service.proxy.ProxyCarDAOImpl - save 32] - Метод save() ProxyCarImpl.Объект Car Car(id=9e5ce753-4910-4c0d-bfe8-6c4d3b64ad77, brand=BMW, model=5 G30, bodyType=SEDAN, engineCapacity=3.0, fuelType=DIESEL) сохраненение/обновление в кеш
2024-01-04 19:11:12,336 INFO [ru.clevertec.cache.impl.LFUCache - put 54] - Метод put() LFUCache. Объект из кеша с id 9e5ce753-4910-4c0d-bfe8-6c4d3b64ad77: null
2024-01-04 19:11:12,336 INFO [ru.clevertec.cache.impl.LFUCache - put 56] - Метод put() LFUCache. Превышен размер кеша. Удаление наиболее старого значения
2024-01-04 19:11:12,337 INFO [ru.clevertec.cache.impl.LFUCache - put 59] - Метод put() LFUCache. Добавление нового значения в кеш: Car(id=9e5ce753-4910-4c0d-bfe8-6c4d3b64ad77, brand=BMW, model=5 G30, bodyType=SEDAN, engineCapacity=3.0, fuelType=DIESEL)
2024-01-04 19:11:12,338 INFO [ru.clevertec.cache.impl.LFUCache - put 76] - Метод put() LFUCache. Объект из кеша с id 9e5ce753-4910-4c0d-bfe8-6c4d3b64ad77: Car(id=9e5ce753-4910-4c0d-bfe8-6c4d3b64ad77, brand=BMW, model=5 G30, bodyType=SEDAN, engineCapacity=3.0, fuelType=DIESEL)
2024-01-04 19:11:12,338 INFO [ru.clevertec.service.proxy.ProxyCarDAOImpl - save 30] - Метод save() ProxyCarImpl.Объект Car Car(id=c4993286-330f-4c96-ab46-0976ce362429, brand=BMW, model=5 G30, bodyType=SEDAN, engineCapacity=3.0, fuelType=DIESEL) сохраненение/обновление в БД
2024-01-04 19:11:12,476 INFO [ru.clevertec.service.proxy.ProxyCarDAOImpl - save 32] - Метод save() ProxyCarImpl.Объект Car Car(id=c4993286-330f-4c96-ab46-0976ce362429, brand=BMW, model=5 G30, bodyType=SEDAN, engineCapacity=3.0, fuelType=DIESEL) сохраненение/обновление в кеш
2024-01-04 19:11:12,477 INFO [ru.clevertec.cache.impl.LFUCache - put 54] - Метод put() LFUCache. Объект из кеша с id c4993286-330f-4c96-ab46-0976ce362429: null
2024-01-04 19:11:12,477 INFO [ru.clevertec.cache.impl.LFUCache - put 56] - Метод put() LFUCache. Превышен размер кеша. Удаление наиболее старого значения
2024-01-04 19:11:12,477 INFO [ru.clevertec.cache.impl.LFUCache - put 59] - Метод put() LFUCache. Добавление нового значения в кеш: Car(id=c4993286-330f-4c96-ab46-0976ce362429, brand=BMW, model=5 G30, bodyType=SEDAN, engineCapacity=3.0, fuelType=DIESEL)
2024-01-04 19:11:12,477 INFO [ru.clevertec.cache.impl.LFUCache - put 76] - Метод put() LFUCache. Объект из кеша с id c4993286-330f-4c96-ab46-0976ce362429: Car(id=c4993286-330f-4c96-ab46-0976ce362429, brand=BMW, model=5 G30, bodyType=SEDAN, engineCapacity=3.0, fuelType=DIESEL)
2024-01-04 19:11:12,478 INFO [ru.clevertec.service.proxy.ProxyCarDAOImpl - save 30] - Метод save() ProxyCarImpl.Объект Car Car(id=b305f7cc-d6dc-4ae9-bb22-34a3bf091266, brand=BMW, model=730, bodyType=SEDAN, engineCapacity=3.0, fuelType=PETROL) сохраненение/обновление в БД
2024-01-04 19:11:12,610 INFO [ru.clevertec.service.proxy.ProxyCarDAOImpl - save 32] - Метод save() ProxyCarImpl.Объект Car Car(id=b305f7cc-d6dc-4ae9-bb22-34a3bf091266, brand=BMW, model=730, bodyType=SEDAN, engineCapacity=3.0, fuelType=PETROL) сохраненение/обновление в кеш
2024-01-04 19:11:12,610 INFO [ru.clevertec.cache.impl.LFUCache - put 54] - Метод put() LFUCache. Объект из кеша с id b305f7cc-d6dc-4ae9-bb22-34a3bf091266: null
2024-01-04 19:11:12,610 INFO [ru.clevertec.cache.impl.LFUCache - put 56] - Метод put() LFUCache. Превышен размер кеша. Удаление наиболее старого значения
2024-01-04 19:11:12,610 INFO [ru.clevertec.cache.impl.LFUCache - put 59] - Метод put() LFUCache. Добавление нового значения в кеш: Car(id=b305f7cc-d6dc-4ae9-bb22-34a3bf091266, brand=BMW, model=730, bodyType=SEDAN, engineCapacity=3.0, fuelType=PETROL)
2024-01-04 19:11:12,611 INFO [ru.clevertec.cache.impl.LFUCache - put 76] - Метод put() LFUCache. Объект из кеша с id b305f7cc-d6dc-4ae9-bb22-34a3bf091266: Car(id=b305f7cc-d6dc-4ae9-bb22-34a3bf091266, brand=BMW, model=730, bodyType=SEDAN, engineCapacity=3.0, fuelType=PETROL)
2024-01-04 19:11:12,611 INFO [ru.clevertec.service.proxy.ProxyCarDAOImpl - delete 43] - Метод delete() ProxyCarImpl.Объект Car с uuid 26635638-2f30-4891-81a0-bcac1f97b0d4 удаление из БД
2024-01-04 19:11:12,682 INFO [ru.clevertec.service.proxy.ProxyCarDAOImpl - delete 45] - Метод delete() ProxyCarImpl.Объект Car с uuid 26635638-2f30-4891-81a0-bcac1f97b0d4 удаление из кеша
2024-01-04 19:11:12,682 INFO [ru.clevertec.cache.impl.LFUCache - removeByKey 134] - Метод put() LFUCache. Удаление объект из кеша с id 26635638-2f30-4891-81a0-bcac1f97b0d4: null
2024-01-04 19:11:12,682 INFO [ru.clevertec.service.proxy.ProxyCarDAOImpl - findById 68] - Метод findById() ProxyCarImpl.Получение объекта Car с uuid 26635638-2f30-4891-81a0-bcac1f97b0d4 из кеша
2024-01-04 19:11:12,683 INFO [ru.clevertec.cache.impl.LFUCache - get 37] - Метод put() LFUCache.Объект с id 26635638-2f30-4891-81a0-bcac1f97b0d4: null
2024-01-04 19:11:12,683 INFO [ru.clevertec.service.proxy.ProxyCarDAOImpl - findById 71] - Метод findById() ProxyCarImpl.Объект Car с uuid 26635638-2f30-4891-81a0-bcac1f97b0d4 из кеша равен null
2024-01-04 19:11:12,683 INFO [ru.clevertec.service.proxy.ProxyCarDAOImpl - findById 72] - Метод findById() ProxyCarImpl.Получение объекта Car с uuid 26635638-2f30-4891-81a0-bcac1f97b0d4 из БД
2024-01-04 19:11:12,751 ERROR [ru.clevertec.Main - main 50] - Car with uuid: 26635638-2f30-4891-81a0-bcac1f97b0d4 not found
2024-01-04 19:11:12,752 INFO [ru.clevertec.service.proxy.ProxyCarDAOImpl - findById 68] - Метод findById() ProxyCarImpl.Получение объекта Car с uuid 1be4206e-787f-4708-924f-1adf9dd9a5da из кеша
2024-01-04 19:11:12,752 INFO [ru.clevertec.cache.impl.LFUCache - get 37] - Метод put() LFUCache.Объект с id 1be4206e-787f-4708-924f-1adf9dd9a5da: null
2024-01-04 19:11:12,752 INFO [ru.clevertec.service.proxy.ProxyCarDAOImpl - findById 71] - Метод findById() ProxyCarImpl.Объект Car с uuid 1be4206e-787f-4708-924f-1adf9dd9a5da из кеша равен null
2024-01-04 19:11:12,752 INFO [ru.clevertec.service.proxy.ProxyCarDAOImpl - findById 72] - Метод findById() ProxyCarImpl.Получение объекта Car с uuid 1be4206e-787f-4708-924f-1adf9dd9a5da из БД
2024-01-04 19:11:12,828 INFO [ru.clevertec.service.proxy.ProxyCarDAOImpl - findById 76] - Метод findById() ProxyCarImpl.Обновление объекта Car с uuid 1be4206e-787f-4708-924f-1adf9dd9a5da в кеше
2024-01-04 19:11:12,828 INFO [ru.clevertec.cache.impl.LFUCache - put 54] - Метод put() LFUCache. Объект из кеша с id 1be4206e-787f-4708-924f-1adf9dd9a5da: null
2024-01-04 19:11:12,829 INFO [ru.clevertec.cache.impl.LFUCache - put 56] - Метод put() LFUCache. Превышен размер кеша. Удаление наиболее старого значения
2024-01-04 19:11:12,829 INFO [ru.clevertec.cache.impl.LFUCache - put 59] - Метод put() LFUCache. Добавление нового значения в кеш: Car(id=1be4206e-787f-4708-924f-1adf9dd9a5da, brand=BMW, model=730, bodyType=SEDAN, engineCapacity=3.0, fuelType=PETROL)
2024-01-04 19:11:12,830 INFO [ru.clevertec.cache.impl.LFUCache - put 76] - Метод put() LFUCache. Объект из кеша с id 1be4206e-787f-4708-924f-1adf9dd9a5da: Car(id=1be4206e-787f-4708-924f-1adf9dd9a5da, brand=BMW, model=730, bodyType=SEDAN, engineCapacity=3.0, fuelType=PETROL)
2024-01-04 19:11:12,842 INFO [ru.clevertec.service.proxy.ProxyCarDAOImpl - findById 68] - Метод findById() ProxyCarImpl.Получение объекта Car с uuid 1be4206e-787f-4708-924f-1adf9dd9a5da из кеша
2024-01-04 19:11:12,842 INFO [ru.clevertec.cache.impl.LFUCache - get 37] - Метод put() LFUCache.Объект с id 1be4206e-787f-4708-924f-1adf9dd9a5da: Car(id=1be4206e-787f-4708-924f-1adf9dd9a5da, brand=BMW, model=730, bodyType=SEDAN, engineCapacity=3.0, fuelType=PETROL)
2024-01-04 19:11:12,842 INFO [ru.clevertec.service.proxy.ProxyCarDAOImpl - findById 82] - Метод findById() ProxyCarImpl.Обновление объекта Car с uuid 1be4206e-787f-4708-924f-1adf9dd9a5da в кеше
2024-01-04 19:11:12,842 INFO [ru.clevertec.cache.impl.LFUCache - put 74] - Метод put() LFUCache. Обновление счетчика значения в кеш: Car(id=1be4206e-787f-4708-924f-1adf9dd9a5da, brand=BMW, model=730, bodyType=SEDAN, engineCapacity=3.0, fuelType=PETROL)
2024-01-04 19:11:12,843 INFO [ru.clevertec.cache.impl.LFUCache - put 76] - Метод put() LFUCache. Объект из кеша с id 1be4206e-787f-4708-924f-1adf9dd9a5da: Car(id=1be4206e-787f-4708-924f-1adf9dd9a5da, brand=BMW, model=730, bodyType=SEDAN, engineCapacity=3.0, fuelType=PETROL)
2024-01-04 19:11:12,843 INFO [ru.clevertec.service.proxy.ProxyCarDAOImpl - save 30] - Метод save() ProxyCarImpl.Объект Car Car(id=1be4206e-787f-4708-924f-1adf9dd9a5da, brand=BMW, model=730, bodyType=SEDAN, engineCapacity=3.0, fuelType=PETROL) сохраненение/обновление в БД
2024-01-04 19:11:12,978 INFO [ru.clevertec.service.proxy.ProxyCarDAOImpl - save 32] - Метод save() ProxyCarImpl.Объект Car Car(id=1be4206e-787f-4708-924f-1adf9dd9a5da, brand=BMW, model=730, bodyType=SEDAN, engineCapacity=3.0, fuelType=PETROL) сохраненение/обновление в кеш
2024-01-04 19:11:12,978 INFO [ru.clevertec.cache.impl.LFUCache - put 74] - Метод put() LFUCache. Обновление счетчика значения в кеш: Car(id=1be4206e-787f-4708-924f-1adf9dd9a5da, brand=BMW, model=730, bodyType=SEDAN, engineCapacity=3.0, fuelType=PETROL)
2024-01-04 19:11:12,978 INFO [ru.clevertec.cache.impl.LFUCache - put 76] - Метод put() LFUCache. Объект из кеша с id 1be4206e-787f-4708-924f-1adf9dd9a5da: Car(id=1be4206e-787f-4708-924f-1adf9dd9a5da, brand=BMW, model=730, bodyType=SEDAN, engineCapacity=3.0, fuelType=PETROL)
2024-01-04 19:11:12,981 ERROR [ru.clevertec.Main - main 65] - Invalid field brand
2024-01-04 19:11:13,069 INFO [ru.clevertec.service.proxy.ProxyCarDAOImpl - findAll 56] - Метод findAll() ProxyCarImpl.Получение List<Car> из БД
